Arguments: 
  C:\Program Files\nodejs\node.exe C:\Program Files\nodejs\node_modules\yarn\bin\yarn.js

PATH: 
  C:\Program Files\Common Files\Oracle\Java\javapath;C:\Program Files\Eclipse Adoptium\jdk-17.0.6.10-hotspot\bin;C:\WINDOWS\system32;C:\WINDOWS;C:\WINDOWS\System32\Wbem;C:\WINDOWS\System32\WindowsPowerShell\v1.0\;C:\WINDOWS\System32\OpenSSH\;C:\Users\halil\AppData\Roaming\nvm;C:\Program Files\nodejs;C:\Program Files\Git\cmd;C:\Program Files\dotnet\;C:\Users\halil\AppData\Local\Microsoft\WindowsApps;C:\Users\halil\AppData\Roaming\nvm;C:\Program Files\nodejs;C:\Users\halil\AppData\Local\Programs\Microsoft VS Code\bin;C:\Users\halil\AppData\Local\JetBrains\Toolbox\scripts;C:\Program Files\JetBrains\WebStorm 2022.2\bin;C:\Users\halil\.dotnet\tools;C:\Program Files\JetBrains\WebStorm\bin;D:\projects\play-esbuild\node_modules\.bin;C:\Program Files\Git\mingw64\bin;C:\Program Files\Git\usr\bin;D:\cmder\vendor\bin;D:\cmder\bin;D:\cmder

Yarn version: 
  1.22.19

Node version: 
  19.4.0

Platform: 
  win32 x64

Trace: 
  Error: ENOENT: no such file or directory, copyfile 'C:\Users\halil\AppData\Local\Yarn\Cache\v6\npm-glob-parent-6.0.2-6d237d99083950c79290f24c7642a3de9a28f9e3-integrity\node_modules\glob-parent\LICENSE' -> 'D:\projects\play-esbuild\node_modules\tailwindcss\node_modules\glob-parent\LICENSE'

npm manifest: 
  {
    "name": "play-esbuild",
    "version": "1.0.0",
    "description": "",
    "main": "index.js",
    "scripts": {
      "test": "echo \"Error: no test specified\" && exit 1",
      "copy-esbuild": "cp node_modules/esbuild-wasm/esbuild.wasm public/esbuild.wasm",
      "dev": "npm run copy-esbuild && vite",
      "build": "npm run copy-esbuild && vite build"
    },
    "keywords": [],
    "author": "",
    "license": "ISC",
    "devDependencies": {
      "@types/codemirror": "^5.60.5",
      "@types/ejs": "^3.1.0",
      "@types/parse-package-name": "^0.1.0",
      "@vitejs/plugin-vue": "^1.9.3",
      "@vue/compiler-sfc": "^3.2.20",
      "codemirror": "^5.63.3",
      "ejs": "^3.1.9",
      "esbuild-wasm": "^0.15.13",
      "parse-package-name": "^1.0.0",
      "postcss": "^8.3.11",
      "resolve.exports": "^1.1.0",
      "tailwindcss": "^3.3.1",
      "typescript": "^4.4.4",
      "vite": "^4.3.1",
      "vue": "^3.2.20"
    }
  }

yarn manifest: 
  No manifest

Lockfile: 
  No lockfile
